Arguments: 
  /usr/local/bin/node /usr/local/bin/yarn start

PATH: 
  /usr/local/bin:/usr/bin:/bin:/usr/sbin:/sbin:/Library/Apple/usr/bin

Yarn version: 
  1.22.5

Node version: 
  14.13.0

Platform: 
  darwin x64

Trace: 
  SyntaxError: /Users/jaewon/Desktop/WMS/frontend/package.json: Unexpected token } in JSON at position 205
      at JSON.parse (<anonymous>)
      at /usr/local/lib/node_modules/yarn/lib/cli.js:1625:59
      at Generator.next (<anonymous>)
      at step (/usr/local/lib/node_modules/yarn/lib/cli.js:310:30)
      at /usr/local/lib/node_modules/yarn/lib/cli.js:321:13

npm manifest: 
  {
    "name": "frontend",
    "version": "1.0.0",
    "description": "frontend Inventory Management System",
    "main": "index.js",
    "scripts": {
      "start": "webpack-dev-server --watch-content-base --open",
    },
    "author": "Jaewon Kim",
    "license": "ISC",
    "dependencies": {
      "live-server": "^1.2.1",
      "webpack": "^5.4.0",
      "webpack-cli": "^4.2.0",
      "webpack-dev-server": "^3.11.0"
    },
    "devDependencies": {}
  }

yarn manifest: 
  No manifest

Lockfile: 
  No lockfile
